<?xml version="1.0" encoding="UTF-8"?>
<!-- Generated by org.testng.reporters.JUnitReportReporter -->
<testsuite hostname="nagarwal" failures="0" tests="5" name="testcases.BaseTest" time="11.901" errors="0" timestamp="2023-12-03T12:33:58 IST" skipped="0">
  <testcase classname="testcases.BaseTest" name="verifyIfTheApplicationLaunchSuccessfully" time="0.037"/>
  <system-out/>
  <testcase classname="testcases.BaseTest" name="verifyIfTheProductDisplayOnHomePage" time="0.028"/>
  <system-out/>
  <testcase classname="testcases.BaseTest" name="verifyClickingOnProductRedirectsOnDetailPage" time="11.835"/>
  <system-out/>
  <testcase classname="testcases.BaseTest" name="DemoTest" time="0.001"/>
  <system-out/>
  <testcase classname="testcases.BaseTest" name="DemoTest1" time="0.000"/>
  <system-out/>
</testsuite> <!-- testcases.BaseTest -->
