<?xml version="1.0" encoding="UTF-8"?>
<!-- Generated by org.testng.reporters.JUnitReportReporter -->
<testsuite hostname="nagarwal" failures="0" tests="4" name="testcases.BaseTest" time="6.435" errors="0" timestamp="2023-12-02T18:19:30 IST" skipped="0">
  <testcase classname="testcases.BaseTest" name="verifyIfTheApplicationLaunchSuccessfully" time="0.052"/>
  <system-out/>
  <testcase classname="testcases.BaseTest" name="verifyIfTheProductDisplayOnHomePage" time="0.035"/>
  <system-out/>
  <testcase classname="testcases.BaseTest" name="verifyIfAddCartButtonIsAvailableOnProduct" time="1.207"/>
  <system-out/>
  <testcase classname="testcases.BaseTest" name="verifyClickingOnProductRedirectsOnDetailPage" time="5.141"/>
  <system-out/>
</testsuite> <!-- testcases.BaseTest -->
