<?xml version="1.0" encoding="UTF-8"?>
<!-- Generated by org.testng.reporters.JUnitReportReporter -->
<testsuite hostname="nagarwal" failures="0" tests="6" name="testcases.BaseTest" time="3.205" errors="0" timestamp="2023-12-02T23:20:02 IST" skipped="0">
  <testcase classname="testcases.BaseTest" name="verifyIfTheApplicationLaunchSuccessfully" time="0.046"/>
  <system-out/>
  <testcase classname="testcases.BaseTest" name="verifyIfTheProductDisplayOnHomePage" time="0.029"/>
  <system-out/>
  <testcase classname="testcases.BaseTest" name="verifyIfAddCartButtonIsAvailableOnProduct" time="1.197"/>
  <system-out/>
  <testcase classname="testcases.BaseTest" name="verifyClickingOnProductRedirectsOnDetailPage" time="1.931"/>
  <system-out/>
  <testcase classname="testcases.BaseTest" name="DemoTest" time="0.002"/>
  <system-out/>
  <testcase classname="testcases.BaseTest" name="DemoTest1" time="0.000"/>
  <system-out/>
</testsuite> <!-- testcases.BaseTest -->
