<?xml version="1.0" encoding="UTF-8"?>
<!-- Generated by org.testng.reporters.JUnitReportReporter -->
<testsuite hostname="nagarwal" failures="0" tests="5" name="testcases.BaseTest" time="8.309" errors="0" timestamp="2023-12-03T12:18:12 IST" skipped="0">
  <testcase classname="testcases.BaseTest" name="verifyIfTheApplicationLaunchSuccessfully" time="0.031"/>
  <system-out/>
  <testcase classname="testcases.BaseTest" name="verifyIfTheProductDisplayOnHomePage" time="0.017"/>
  <system-out/>
  <testcase classname="testcases.BaseTest" name="verifyClickingOnProductRedirectsOnDetailPage" time="8.259"/>
  <system-out/>
  <testcase classname="testcases.BaseTest" name="DemoTest" time="0.001"/>
  <system-out/>
  <testcase classname="testcases.BaseTest" name="DemoTest1" time="0.001"/>
  <system-out/>
</testsuite> <!-- testcases.BaseTest -->
